2019-12-06T03:38:34+00:00 CRITICAL Uncaught Error: Call to undefined function sunio_header_style() in C:\xampp\htdocs\su\wp-content\themes\azthemes\inc\header-content.php:9
Stack trace:
#0 C:\xampp\htdocs\su\wp-content\themes\azthemes\functions.php(170): require_once()
#1 C:\xampp\htdocs\su\wp-includes\class-wp-hook.php(286): Azthemes_Theme_Class::include_functions('')
#2 C:\xampp\htdocs\su\wp-includes\class-wp-hook.php(310): WP_Hook->apply_filters(NULL, Array)
#3 C:\xampp\htdocs\su\wp-includes\plugin.php(465): WP_Hook->do_action(Array)
#4 C:\xampp\htdocs\su\wp-settings.php(509): do_action('after_setup_the...')
#5 C:\xampp\htdocs\su\wp-config.php(90): require_once('C:\\xampp\\htdocs...')
#6 C:\xampp\htdocs\su\wp-load.php(37): require_once('C:\\xampp\\htdocs...')
#7 C:\xampp\htdocs\su\wp-blog-header.php(13): require_once('C:\\xampp\\htdocs...')
#8 C:\xampp\htdocs\su\index.php(17): require('C:\\xampp\\htdocs...')
#9 {main}
  thrown in C:\xampp\htdocs\su\wp-content\themes\azthemes\inc\header-content.php on line 9

2019-12-06T03:38:36+00:00 CRITICAL Uncaught Error: Call to undefined function sunio_header_style() in C:\xampp\htdocs\su\wp-content\themes\azthemes\inc\header-content.php:9
Stack trace:
#0 C:\xampp\htdocs\su\wp-content\themes\azthemes\functions.php(170): require_once()
#1 C:\xampp\htdocs\su\wp-includes\class-wp-hook.php(286): Azthemes_Theme_Class::include_functions('')
#2 C:\xampp\htdocs\su\wp-includes\class-wp-hook.php(310): WP_Hook->apply_filters(NULL, Array)
#3 C:\xampp\htdocs\su\wp-includes\plugin.php(465): WP_Hook->do_action(Array)
#4 C:\xampp\htdocs\su\wp-settings.php(509): do_action('after_setup_the...')
#5 C:\xampp\htdocs\su\wp-config.php(90): require_once('C:\\xampp\\htdocs...')
#6 C:\xampp\htdocs\su\wp-load.php(37): require_once('C:\\xampp\\htdocs...')
#7 C:\xampp\htdocs\su\wp-blog-header.php(13): require_once('C:\\xampp\\htdocs...')
#8 C:\xampp\htdocs\su\index.php(17): require('C:\\xampp\\htdocs...')
#9 {main}
  thrown in C:\xampp\htdocs\su\wp-content\themes\azthemes\inc\header-content.php on line 9

2019-12-06T03:38:37+00:00 CRITICAL require(): Failed opening required 'Azthemes_Elementor_Extra_PATHbase/module.php' (include_path='C:\xampp\php\PEAR') in C:\xampp\htdocs\su\wp-content\plugins\azthemes-elementor\includes\managers\modules.php on line 40

2019-12-06T03:38:38+00:00 CRITICAL require(): Failed opening required 'Azthemes_Elementor_Extra_PATHbase/module.php' (include_path='C:\xampp\php\PEAR') in C:\xampp\htdocs\su\wp-content\plugins\azthemes-elementor\includes\managers\modules.php on line 40

2019-12-06T03:40:40+00:00 CRITICAL require_once(): Failed opening required 'C:\xampp\htdocs\su/wp-content/themes/azthemes/inc/customizer/settings/general.php' (include_path='C:\xampp\php\PEAR') in C:\xampp\htdocs\su\wp-content\themes\azthemes\inc\customizer\customizer.php on line 126

2019-12-06T03:40:43+00:00 CRITICAL Uncaught Error: Call to undefined function sunio_post_id() in C:\xampp\htdocs\su\wp-content\plugins\azthemes-stick-header\azthemes-sticky-header.php:1378
Stack trace:
#0 C:\xampp\htdocs\su\wp-content\plugins\azthemes-stick-header\azthemes-sticky-header.php(1394): sunio_Sticky_Header->if_topbar_sticky()
#1 C:\xampp\htdocs\su\wp-includes\class-wp-hook.php(286): sunio_Sticky_Header->topbar_sticky(Object(WP))
#2 C:\xampp\htdocs\su\wp-includes\class-wp-hook.php(310): WP_Hook->apply_filters(NULL, Array)
#3 C:\xampp\htdocs\su\wp-includes\plugin.php(531): WP_Hook->do_action(Array)
#4 C:\xampp\htdocs\su\wp-includes\class-wp.php(750): do_action_ref_array('wp', Array)
#5 C:\xampp\htdocs\su\wp-includes\functions.php(1105): WP->main('')
#6 C:\xampp\htdocs\su\wp-blog-header.php(16): wp()
#7 C:\xampp\htdocs\su\index.php(17): require('C:\\xampp\\htdocs...')
#8 {main}
  thrown in C:\xampp\htdocs\su\wp-content\plugins\azthemes-stick-header\azthemes-sticky-header.php on line 1378

2019-12-06T03:40:45+00:00 CRITICAL Uncaught Error: Call to undefined function sunio_post_id() in C:\xampp\htdocs\su\wp-content\plugins\azthemes-stick-header\azthemes-sticky-header.php:1378
Stack trace:
#0 C:\xampp\htdocs\su\wp-content\plugins\azthemes-stick-header\azthemes-sticky-header.php(1394): sunio_Sticky_Header->if_topbar_sticky()
#1 C:\xampp\htdocs\su\wp-includes\class-wp-hook.php(286): sunio_Sticky_Header->topbar_sticky(Object(WP))
#2 C:\xampp\htdocs\su\wp-includes\class-wp-hook.php(310): WP_Hook->apply_filters(NULL, Array)
#3 C:\xampp\htdocs\su\wp-includes\plugin.php(531): WP_Hook->do_action(Array)
#4 C:\xampp\htdocs\su\wp-includes\class-wp.php(750): do_action_ref_array('wp', Array)
#5 C:\xampp\htdocs\su\wp-includes\functions.php(1105): WP->main('')
#6 C:\xampp\htdocs\su\wp-blog-header.php(16): wp()
#7 C:\xampp\htdocs\su\index.php(17): require('C:\\xampp\\htdocs...')
#8 {main}
  thrown in C:\xampp\htdocs\su\wp-content\plugins\azthemes-stick-header\azthemes-sticky-header.php on line 1378

2019-12-06T03:40:45+00:00 CRITICAL Uncaught Error: Call to undefined function sunio_post_id() in C:\xampp\htdocs\su\wp-content\plugins\azthemes-stick-header\azthemes-sticky-header.php:1378
Stack trace:
#0 C:\xampp\htdocs\su\wp-content\plugins\azthemes-stick-header\azthemes-sticky-header.php(1394): sunio_Sticky_Header->if_topbar_sticky()
#1 C:\xampp\htdocs\su\wp-includes\class-wp-hook.php(286): sunio_Sticky_Header->topbar_sticky(Object(WP))
#2 C:\xampp\htdocs\su\wp-includes\class-wp-hook.php(310): WP_Hook->apply_filters(NULL, Array)
#3 C:\xampp\htdocs\su\wp-includes\plugin.php(531): WP_Hook->do_action(Array)
#4 C:\xampp\htdocs\su\wp-includes\class-wp.php(750): do_action_ref_array('wp', Array)
#5 C:\xampp\htdocs\su\wp-includes\functions.php(1105): WP->main('')
#6 C:\xampp\htdocs\su\wp-blog-header.php(16): wp()
#7 C:\xampp\htdocs\su\index.php(17): require('C:\\xampp\\htdocs...')
#8 {main}
  thrown in C:\xampp\htdocs\su\wp-content\plugins\azthemes-stick-header\azthemes-sticky-header.php on line 1378

2019-12-06T03:40:48+00:00 CRITICAL Uncaught Error: Call to undefined function sunio_post_id() in C:\xampp\htdocs\su\wp-content\plugins\azthemes-stick-header\azthemes-sticky-header.php:1378
Stack trace:
#0 C:\xampp\htdocs\su\wp-content\plugins\azthemes-stick-header\azthemes-sticky-header.php(1394): sunio_Sticky_Header->if_topbar_sticky()
#1 C:\xampp\htdocs\su\wp-includes\class-wp-hook.php(286): sunio_Sticky_Header->topbar_sticky(Object(WP))
#2 C:\xampp\htdocs\su\wp-includes\class-wp-hook.php(310): WP_Hook->apply_filters(NULL, Array)
#3 C:\xampp\htdocs\su\wp-includes\plugin.php(531): WP_Hook->do_action(Array)
#4 C:\xampp\htdocs\su\wp-includes\class-wp.php(750): do_action_ref_array('wp', Array)
#5 C:\xampp\htdocs\su\wp-includes\functions.php(1105): WP->main('')
#6 C:\xampp\htdocs\su\wp-blog-header.php(16): wp()
#7 C:\xampp\htdocs\su\index.php(17): require('C:\\xampp\\htdocs...')
#8 {main}
  thrown in C:\xampp\htdocs\su\wp-content\plugins\azthemes-stick-header\azthemes-sticky-header.php on line 1378

2019-12-06T03:40:56+00:00 CRITICAL Uncaught Error: Call to undefined function sunio_post_id() in C:\xampp\htdocs\su\wp-content\plugins\azthemes-stick-header\azthemes-sticky-header.php:1378
Stack trace:
#0 C:\xampp\htdocs\su\wp-content\plugins\azthemes-stick-header\azthemes-sticky-header.php(1394): sunio_Sticky_Header->if_topbar_sticky()
#1 C:\xampp\htdocs\su\wp-includes\class-wp-hook.php(286): sunio_Sticky_Header->topbar_sticky(Object(WP))
#2 C:\xampp\htdocs\su\wp-includes\class-wp-hook.php(310): WP_Hook->apply_filters(NULL, Array)
#3 C:\xampp\htdocs\su\wp-includes\plugin.php(531): WP_Hook->do_action(Array)
#4 C:\xampp\htdocs\su\wp-includes\class-wp.php(750): do_action_ref_array('wp', Array)
#5 C:\xampp\htdocs\su\wp-includes\functions.php(1105): WP->main('')
#6 C:\xampp\htdocs\su\wp-blog-header.php(16): wp()
#7 C:\xampp\htdocs\su\index.php(17): require('C:\\xampp\\htdocs...')
#8 {main}
  thrown in C:\xampp\htdocs\su\wp-content\plugins\azthemes-stick-header\azthemes-sticky-header.php on line 1378

2019-12-06T03:41:02+00:00 CRITICAL Uncaught Error: Call to undefined function sunio_post_id() in C:\xampp\htdocs\su\wp-content\plugins\azthemes-stick-header\azthemes-sticky-header.php:1378
Stack trace:
#0 C:\xampp\htdocs\su\wp-content\plugins\azthemes-stick-header\azthemes-sticky-header.php(1394): sunio_Sticky_Header->if_topbar_sticky()
#1 C:\xampp\htdocs\su\wp-includes\class-wp-hook.php(286): sunio_Sticky_Header->topbar_sticky(Object(WP))
#2 C:\xampp\htdocs\su\wp-includes\class-wp-hook.php(310): WP_Hook->apply_filters(NULL, Array)
#3 C:\xampp\htdocs\su\wp-includes\plugin.php(531): WP_Hook->do_action(Array)
#4 C:\xampp\htdocs\su\wp-includes\class-wp.php(750): do_action_ref_array('wp', Array)
#5 C:\xampp\htdocs\su\wp-includes\functions.php(1105): WP->main('')
#6 C:\xampp\htdocs\su\wp-blog-header.php(16): wp()
#7 C:\xampp\htdocs\su\index.php(17): require('C:\\xampp\\htdocs...')
#8 {main}
  thrown in C:\xampp\htdocs\su\wp-content\plugins\azthemes-stick-header\azthemes-sticky-header.php on line 1378

2019-12-06T03:41:03+00:00 CRITICAL Uncaught Error: Call to undefined function sunio_post_id() in C:\xampp\htdocs\su\wp-content\plugins\azthemes-stick-header\azthemes-sticky-header.php:1378
Stack trace:
#0 C:\xampp\htdocs\su\wp-content\plugins\azthemes-stick-header\azthemes-sticky-header.php(1394): sunio_Sticky_Header->if_topbar_sticky()
#1 C:\xampp\htdocs\su\wp-includes\class-wp-hook.php(286): sunio_Sticky_Header->topbar_sticky(Object(WP))
#2 C:\xampp\htdocs\su\wp-includes\class-wp-hook.php(310): WP_Hook->apply_filters(NULL, Array)
#3 C:\xampp\htdocs\su\wp-includes\plugin.php(531): WP_Hook->do_action(Array)
#4 C:\xampp\htdocs\su\wp-includes\class-wp.php(750): do_action_ref_array('wp', Array)
#5 C:\xampp\htdocs\su\wp-includes\functions.php(1105): WP->main('')
#6 C:\xampp\htdocs\su\wp-blog-header.php(16): wp()
#7 C:\xampp\htdocs\su\index.php(17): require('C:\\xampp\\htdocs...')
#8 {main}
  thrown in C:\xampp\htdocs\su\wp-content\plugins\azthemes-stick-header\azthemes-sticky-header.php on line 1378

2019-12-06T03:42:05+00:00 CRITICAL Uncaught Error: Call to undefined function sunio_post_id() in C:\xampp\htdocs\su\wp-content\plugins\azthemes-stick-header\azthemes-sticky-header.php:1378
Stack trace:
#0 C:\xampp\htdocs\su\wp-content\plugins\azthemes-stick-header\azthemes-sticky-header.php(1394): sunio_Sticky_Header->if_topbar_sticky()
#1 C:\xampp\htdocs\su\wp-includes\class-wp-hook.php(286): sunio_Sticky_Header->topbar_sticky(Object(WP))
#2 C:\xampp\htdocs\su\wp-includes\class-wp-hook.php(310): WP_Hook->apply_filters(NULL, Array)
#3 C:\xampp\htdocs\su\wp-includes\plugin.php(531): WP_Hook->do_action(Array)
#4 C:\xampp\htdocs\su\wp-includes\class-wp.php(750): do_action_ref_array('wp', Array)
#5 C:\xampp\htdocs\su\wp-includes\functions.php(1105): WP->main('')
#6 C:\xampp\htdocs\su\wp-blog-header.php(16): wp()
#7 C:\xampp\htdocs\su\index.php(17): require('C:\\xampp\\htdocs...')
#8 {main}
  thrown in C:\xampp\htdocs\su\wp-content\plugins\azthemes-stick-header\azthemes-sticky-header.php on line 1378

2019-12-06T03:42:41+00:00 CRITICAL Uncaught Error: Class 'sunio_Customizer_Buttonset_Control' not found in C:\xampp\htdocs\su\wp-content\plugins\azthemes-stick-header\azthemes-sticky-header.php:267
Stack trace:
#0 C:\xampp\htdocs\su\wp-includes\class-wp-hook.php(286): sunio_Sticky_Header->customize_register(Object(WP_Customize_Manager))
#1 C:\xampp\htdocs\su\wp-includes\class-wp-hook.php(310): WP_Hook->apply_filters(NULL, Array)
#2 C:\xampp\htdocs\su\wp-includes\plugin.php(465): WP_Hook->do_action(Array)
#3 C:\xampp\htdocs\su\wp-includes\class-wp-customize-manager.php(928): do_action('customize_regis...', Object(WP_Customize_Manager))
#4 C:\xampp\htdocs\su\wp-includes\class-wp-hook.php(286): WP_Customize_Manager->wp_loaded('')
#5 C:\xampp\htdocs\su\wp-includes\class-wp-hook.php(310): WP_Hook->apply_filters(NULL, Array)
#6 C:\xampp\htdocs\su\wp-includes\plugin.php(465): WP_Hook->do_action(Array)
#7 C:\xampp\htdocs\su\wp-settings.php(546): do_action('wp_loaded')
#8 C:\xampp\htdocs\su\wp-config.php(90): require_once('C:\\xampp\\htdocs...')
#9 C:\ in C:\xampp\htdocs\su\wp-content\plugins\azthemes-stick-header\azthemes-sticky-header.php on line 267

2019-12-06T03:42:59+00:00 CRITICAL Uncaught Error: Call to undefined function sunio_post_id() in C:\xampp\htdocs\su\wp-content\plugins\azthemes-stick-header\azthemes-sticky-header.php:1378
Stack trace:
#0 C:\xampp\htdocs\su\wp-content\plugins\azthemes-stick-header\azthemes-sticky-header.php(1394): sunio_Sticky_Header->if_topbar_sticky()
#1 C:\xampp\htdocs\su\wp-includes\class-wp-hook.php(286): sunio_Sticky_Header->topbar_sticky(Object(WP))
#2 C:\xampp\htdocs\su\wp-includes\class-wp-hook.php(310): WP_Hook->apply_filters(NULL, Array)
#3 C:\xampp\htdocs\su\wp-includes\plugin.php(531): WP_Hook->do_action(Array)
#4 C:\xampp\htdocs\su\wp-includes\class-wp.php(750): do_action_ref_array('wp', Array)
#5 C:\xampp\htdocs\su\wp-includes\functions.php(1105): WP->main('')
#6 C:\xampp\htdocs\su\wp-blog-header.php(16): wp()
#7 C:\xampp\htdocs\su\index.php(17): require('C:\\xampp\\htdocs...')
#8 {main}
  thrown in C:\xampp\htdocs\su\wp-content\plugins\azthemes-stick-header\azthemes-sticky-header.php on line 1378

2019-12-06T03:43:28+00:00 CRITICAL Uncaught Error: Call to undefined function sunio_post_id() in C:\xampp\htdocs\su\wp-content\plugins\azthemes-stick-header\azthemes-sticky-header.php:1378
Stack trace:
#0 C:\xampp\htdocs\su\wp-content\plugins\azthemes-stick-header\azthemes-sticky-header.php(1394): sunio_Sticky_Header->if_topbar_sticky()
#1 C:\xampp\htdocs\su\wp-includes\class-wp-hook.php(286): sunio_Sticky_Header->topbar_sticky(Object(WP))
#2 C:\xampp\htdocs\su\wp-includes\class-wp-hook.php(310): WP_Hook->apply_filters(NULL, Array)
#3 C:\xampp\htdocs\su\wp-includes\plugin.php(531): WP_Hook->do_action(Array)
#4 C:\xampp\htdocs\su\wp-includes\class-wp.php(750): do_action_ref_array('wp', Array)
#5 C:\xampp\htdocs\su\wp-includes\functions.php(1105): WP->main('')
#6 C:\xampp\htdocs\su\wp-blog-header.php(16): wp()
#7 C:\xampp\htdocs\su\index.php(17): require('C:\\xampp\\htdocs...')
#8 {main}
  thrown in C:\xampp\htdocs\su\wp-content\plugins\azthemes-stick-header\azthemes-sticky-header.php on line 1378

2019-12-06T03:43:29+00:00 CRITICAL Uncaught Error: Call to undefined function sunio_post_id() in C:\xampp\htdocs\su\wp-content\plugins\azthemes-stick-header\azthemes-sticky-header.php:1378
Stack trace:
#0 C:\xampp\htdocs\su\wp-content\plugins\azthemes-stick-header\azthemes-sticky-header.php(1394): sunio_Sticky_Header->if_topbar_sticky()
#1 C:\xampp\htdocs\su\wp-includes\class-wp-hook.php(286): sunio_Sticky_Header->topbar_sticky(Object(WP))
#2 C:\xampp\htdocs\su\wp-includes\class-wp-hook.php(310): WP_Hook->apply_filters(NULL, Array)
#3 C:\xampp\htdocs\su\wp-includes\plugin.php(531): WP_Hook->do_action(Array)
#4 C:\xampp\htdocs\su\wp-includes\class-wp.php(750): do_action_ref_array('wp', Array)
#5 C:\xampp\htdocs\su\wp-includes\functions.php(1105): WP->main('')
#6 C:\xampp\htdocs\su\wp-blog-header.php(16): wp()
#7 C:\xampp\htdocs\su\index.php(17): require('C:\\xampp\\htdocs...')
#8 {main}
  thrown in C:\xampp\htdocs\su\wp-content\plugins\azthemes-stick-header\azthemes-sticky-header.php on line 1378

